Started Sat Apr 29 18:34:27 CEST 2023
Total seqs 79878 in mmseqs_2023-04-29_17-11-48_rep_seq.fasta
..........100 finished 86 clusters 234 passed 86/234 clstr/passed 0.29% done 14499.26 cpu
..........200 finished 177 clusters 408 passed 91/174 clstr/passed 0.51% done 14499.26 cpu
..........300 finished 271 clusters 575 passed 94/167 clstr/passed 0.71% done 14499.26 cpu
..........400 finished 365 clusters 756 passed 94/181 clstr/passed 0.94% done 14499.26 cpu
..........500 finished 462 clusters 919 passed 97/163 clstr/passed 1.15% done 14499.26 cpu
..........600 finished 552 clusters 1064 passed 90/145 clstr/passed 1.33% done 14499.27 cpu
..........700 finished 646 clusters 1219 passed 94/155 clstr/passed 1.52% done 14499.27 cpu
..........800 finished 739 clusters 1372 passed 93/153 clstr/passed 1.71% done 14499.27 cpu
..........900 finished 829 clusters 1530 passed 90/158 clstr/passed 1.91% done 14499.27 cpu
..........1000 finished 916 clusters 1672 passed 87/142 clstr/passed 2.09% done 14499.27 cpu
..........1100 finished 1009 clusters 1820 passed 93/148 clstr/passed 2.27% done 14499.27 cpu
..........1200 finished 1104 clusters 1955 passed 95/135 clstr/passed 2.44% done 14499.27 cpu
..........1300 finished 1190 clusters 2098 passed 86/143 clstr/passed 2.62% done 14499.28 cpu
..........1400 finished 1281 clusters 2262 passed 91/164 clstr/passed 2.83% done 14511.69 cpu
..........1500 finished 1376 clusters 2408 passed 95/146 clstr/passed 3.01% done 14511.69 cpu
..........1600 finished 1469 clusters 2560 passed 93/152 clstr/passed 3.2% done 14511.7 cpu
..........1700 finished 1563 clusters 2738 passed 94/178 clstr/passed 3.42% done 14511.7 cpu
..........1800 finished 1658 clusters 2887 passed 95/149 clstr/passed 3.61% done 14511.7 cpu
..........1900 finished 1752 clusters 3030 passed 94/143 clstr/passed 3.79% done 14511.7 cpu
..........2000 finished 1845 clusters 3186 passed 93/156 clstr/passed 3.98% done 20431.1 cpu
..........2100 finished 1936 clusters 3319 passed 91/133 clstr/passed 4.15% done 20431.1 cpu
..........2200 finished 2031 clusters 3462 passed 95/143 clstr/passed 4.33% done 20431.1 cpu
..........2300 finished 2123 clusters 3613 passed 92/151 clstr/passed 4.52% done 20431.1 cpu
..........2400 finished 2216 clusters 3774 passed 93/161 clstr/passed 4.72% done 20431.1 cpu
..........2500 finished 2311 clusters 3906 passed 95/132 clstr/passed 4.88% done 20431.1 cpu
..........2600 finished 2402 clusters 4040 passed 91/134 clstr/passed 5.05% done 20431.12 cpu
..........2700 finished 2494 clusters 4163 passed 92/123 clstr/passed 5.21% done 20431.12 cpu
..........2800 finished 2588 clusters 4312 passed 94/149 clstr/passed 5.39% done 20431.12 cpu
..........2900 finished 2682 clusters 4463 passed 94/151 clstr/passed 5.58% done 20431.12 cpu
..........3000 finished 2778 clusters 4631 passed 96/168 clstr/passed 5.79% done 20431.12 cpu
..........3100 finished 2870 clusters 4773 passed 92/142 clstr/passed 5.97% done 20431.12 cpu
..........3200 finished 2968 clusters 4919 passed 98/146 clstr/passed 6.15% done 20431.13 cpu
..........3300 finished 3060 clusters 5061 passed 92/142 clstr/passed 6.33% done 20431.13 cpu
..........3400 finished 3149 clusters 5206 passed 89/145 clstr/passed 6.51% done 20431.13 cpu
..........3500 finished 3241 clusters 5345 passed 92/139 clstr/passed 6.69% done 20431.13 cpu
..........3600 finished 3335 clusters 5483 passed 94/138 clstr/passed 6.86% done 20431.13 cpu
..........3700 finished 3426 clusters 5630 passed 91/147 clstr/passed 7.04% done 20443.03 cpu
..........3800 finished 3522 clusters 5767 passed 96/137 clstr/passed 7.21% done 20443.03 cpu
..........3900 finished 3617 clusters 5892 passed 95/125 clstr/passed 7.37% done 20443.04 cpu
..........4000 finished 3711 clusters 6037 passed 94/145 clstr/passed 7.55% done 24677.55 cpu
..........4100 finished 3801 clusters 6183 passed 90/146 clstr/passed 7.74% done 24677.55 cpu
..........4200 finished 3890 clusters 6301 passed 89/118 clstr/passed 7.88% done 24677.56 cpu
..........4300 finished 3982 clusters 6431 passed 92/130 clstr/passed 8.05% done 24677.56 cpu
..........4400 finished 4072 clusters 6582 passed 90/151 clstr/passed 8.24% done 24677.56 cpu
..........4500 finished 4166 clusters 6725 passed 94/143 clstr/passed 8.41% done 24677.56 cpu
..........4600 finished 4260 clusters 6885 passed 94/160 clstr/passed 8.61% done 24677.56 cpu
..........4700 finished 4355 clusters 7031 passed 95/146 clstr/passed 8.8% done 24677.57 cpu
..........4800 finished 4439 clusters 7141 passed 84/110 clstr/passed 8.93% done 24677.57 cpu
..........4900 finished 4530 clusters 7285 passed 91/144 clstr/passed 9.12% done 24677.57 cpu
..........5000 finished 4615 clusters 7396 passed 85/111 clstr/passed 9.25% done 24677.57 cpu
..........5100 finished 4710 clusters 7538 passed 95/142 clstr/passed 9.43% done 24677.57 cpu
..........5200 finished 4800 clusters 7653 passed 90/115 clstr/passed 9.58% done 24677.57 cpu
..........5300 finished 4893 clusters 7778 passed 93/125 clstr/passed 9.73% done 24677.57 cpu
..........5400 finished 4983 clusters 7910 passed 90/132 clstr/passed 9.9% done 24677.57 cpu
..........5500 finished 5078 clusters 8038 passed 95/128 clstr/passed 10.06% done 24677.58 cpu
..........5600 finished 5170 clusters 8165 passed 92/127 clstr/passed 10.22% done 24677.59 cpu
..........5700 finished 5261 clusters 8296 passed 91/131 clstr/passed 10.38% done 24677.59 cpu
..........5800 finished 5353 clusters 8436 passed 92/140 clstr/passed 10.56% done 24677.59 cpu
..........5900 finished 5445 clusters 8558 passed 92/122 clstr/passed 10.71% done 24677.59 cpu
..........6000 finished 5538 clusters 8693 passed 93/135 clstr/passed 10.88% done 28331.96 cpu
..........6100 finished 5627 clusters 8812 passed 89/119 clstr/passed 11.03% done 28331.96 cpu
..........6200 finished 5717 clusters 8946 passed 90/134 clstr/passed 11.19% done 28331.96 cpu
..........6300 finished 5811 clusters 9079 passed 94/133 clstr/passed 11.36% done 28331.97 cpu
..........6400 finished 5899 clusters 9208 passed 88/129 clstr/passed 11.52% done 28331.97 cpu
..........6500 finished 5987 clusters 9321 passed 88/113 clstr/passed 11.66% done 28331.97 cpu
..........6600 finished 6079 clusters 9449 passed 92/128 clstr/passed 11.82% done 28343.44 cpu
..........6700 finished 6166 clusters 9577 passed 87/128 clstr/passed 11.98% done 28343.44 cpu
..........6800 finished 6259 clusters 9706 passed 93/129 clstr/passed 12.15% done 28343.44 cpu
..........6900 finished 6353 clusters 9849 passed 94/143 clstr/passed 12.33% done 28343.44 cpu
..........7000 finished 6449 clusters 9971 passed 96/122 clstr/passed 12.48% done 28343.44 cpu
..........7100 finished 6539 clusters 10096 passed 90/125 clstr/passed 12.63% done 28343.44 cpu
..........7200 finished 6630 clusters 10222 passed 91/126 clstr/passed 12.79% done 28343.44 cpu
..........7300 finished 6718 clusters 10353 passed 88/131 clstr/passed 12.96% done 28343.45 cpu
..........7400 finished 6808 clusters 10461 passed 90/108 clstr/passed 13.09% done 28343.45 cpu
..........7500 finished 6899 clusters 10597 passed 91/136 clstr/passed 13.26% done 28343.45 cpu
..........7600 finished 6988 clusters 10733 passed 89/136 clstr/passed 13.43% done 28343.45 cpu
..........7700 finished 7073 clusters 10842 passed 85/109 clstr/passed 13.57% done 28343.46 cpu
..........7800 finished 7164 clusters 10957 passed 91/115 clstr/passed 13.71% done 28343.46 cpu
..........7900 finished 7258 clusters 11072 passed 94/115 clstr/passed 13.86% done 28343.46 cpu
..........8000 finished 7346 clusters 11198 passed 88/126 clstr/passed 14.01% done 28354.63 cpu
..........8100 finished 7440 clusters 11317 passed 94/119 clstr/passed 14.16% done 31071.99 cpu
..........8200 finished 7532 clusters 11450 passed 92/133 clstr/passed 14.33% done 31071.99 cpu
..........8300 finished 7621 clusters 11647 passed 89/197 clstr/passed 14.58% done 31071.99 cpu
..........8400 finished 7711 clusters 11781 passed 90/134 clstr/passed 14.74% done 31071.99 cpu
..........8500 finished 7794 clusters 11889 passed 83/108 clstr/passed 14.88% done 31071.99 cpu
..........8600 finished 7882 clusters 12007 passed 88/118 clstr/passed 15.03% done 31072 cpu
..........8700 finished 7977 clusters 12143 passed 95/136 clstr/passed 15.2% done 31072 cpu
..........8800 finished 8062 clusters 12254 passed 85/111 clstr/passed 15.34% done 31072 cpu
..........8900 finished 8148 clusters 12367 passed 86/113 clstr/passed 15.48% done 31072 cpu
..........9000 finished 8235 clusters 12481 passed 87/114 clstr/passed 15.62% done 31072 cpu
..........9100 finished 8327 clusters 12619 passed 92/138 clstr/passed 15.79% done 31072 cpu
..........9200 finished 8417 clusters 12747 passed 90/128 clstr/passed 15.95% done 31072 cpu
..........9300 finished 8506 clusters 12859 passed 89/112 clstr/passed 16.09% done 31072 cpu
..........9400 finished 8588 clusters 12983 passed 82/124 clstr/passed 16.25% done 31072 cpu
..........9500 finished 8683 clusters 13110 passed 95/127 clstr/passed 16.41% done 31072 cpu
..........9600 finished 8772 clusters 13233 passed 89/123 clstr/passed 16.56% done 31072.01 cpu
..........9700 finished 8868 clusters 13358 passed 96/125 clstr/passed 16.72% done 31072.01 cpu
..........9800 finished 8963 clusters 13487 passed 95/129 clstr/passed 16.88% done 31072.01 cpu
..........9900 finished 9049 clusters 13616 passed 86/129 clstr/passed 17.04% done 31072.01 cpu
..........10000 finished 9139 clusters 13719 passed 90/103 clstr/passed 17.17% done 31072.01 cpu
..........10100 finished 9228 clusters 13841 passed 89/122 clstr/passed 17.32% done 31072.02 cpu
..........10200 finished 9317 clusters 13955 passed 89/114 clstr/passed 17.47% done 31072.02 cpu
..........10300 finished 9406 clusters 14069 passed 89/114 clstr/passed 17.61% done 33473.93 cpu
..........10400 finished 9495 clusters 14207 passed 89/138 clstr/passed 17.78% done 33473.93 cpu
..........10500 finished 9584 clusters 14330 passed 89/123 clstr/passed 17.93% done 33473.94 cpu
..........10600 finished 9671 clusters 14472 passed 87/142 clstr/passed 18.11% done 33473.94 cpu
..........10700 finished 9760 clusters 14583 passed 89/111 clstr/passed 18.25% done 33473.94 cpu
..........10800 finished 9846 clusters 14707 passed 86/124 clstr/passed 18.41% done 33473.94 cpu
..........10900 finished 9936 clusters 14827 passed 90/120 clstr/passed 18.56% done 33473.94 cpu
..........11000 finished 10024 clusters 14938 passed 88/111 clstr/passed 18.7% done 33473.94 cpu
..........11100 finished 10114 clusters 15083 passed 90/145 clstr/passed 18.88% done 33473.95 cpu
..........11200 finished 10201 clusters 15187 passed 87/104 clstr/passed 19.01% done 33473.95 cpu
..........11300 finished 10294 clusters 15325 passed 93/138 clstr/passed 19.18% done 33484.51 cpu
..........11400 finished 10386 clusters 15456 passed 92/131 clstr/passed 19.34% done 33484.52 cpu
..........11500 finished 10470 clusters 15553 passed 84/97 clstr/passed 19.47% done 33484.52 cpu
..........11600 finished 10552 clusters 15673 passed 82/120 clstr/passed 19.62% done 33484.53 cpu
..........11700 finished 10638 clusters 15775 passed 86/102 clstr/passed 19.74% done 33484.53 cpu
..........11800 finished 10726 clusters 15891 passed 88/116 clstr/passed 19.89% done 33484.53 cpu
..........11900 finished 10817 clusters 16016 passed 91/125 clstr/passed 20.05% done 33484.53 cpu
..........12000 finished 10904 clusters 16129 passed 87/113 clstr/passed 20.19% done 33484.53 cpu
..........12100 finished 10991 clusters 16252 passed 87/123 clstr/passed 20.34% done 33484.53 cpu
..........12200 finished 11078 clusters 16373 passed 87/121 clstr/passed 20.49% done 33484.53 cpu
..........12300 finished 11161 clusters 16481 passed 83/108 clstr/passed 20.63% done 33484.53 cpu
..........12400 finished 11247 clusters 16585 passed 86/104 clstr/passed 20.76% done 35405.04 cpu
..........12500 finished 11338 clusters 16707 passed 91/122 clstr/passed 20.91% done 35405.04 cpu
..........12600 finished 11425 clusters 16823 passed 87/116 clstr/passed 21.06% done 35405.04 cpu
..........12700 finished 11516 clusters 16938 passed 91/115 clstr/passed 21.2% done 35405.05 cpu
..........12800 finished 11602 clusters 17052 passed 86/114 clstr/passed 21.34% done 35405.05 cpu
..........12900 finished 11693 clusters 17168 passed 91/116 clstr/passed 21.49% done 35405.05 cpu
..........13000 finished 11783 clusters 17293 passed 90/125 clstr/passed 21.64% done 35405.05 cpu
..........13100 finished 11868 clusters 17422 passed 85/129 clstr/passed 21.81% done 35405.06 cpu
..........13200 finished 11954 clusters 17530 passed 86/108 clstr/passed 21.94% done 35405.06 cpu
..........13300 finished 12047 clusters 17661 passed 93/131 clstr/passed 22.1% done 35405.06 cpu
..........13400 finished 12138 clusters 17789 passed 91/128 clstr/passed 22.27% done 35405.06 cpu
..........13500 finished 12224 clusters 17910 passed 86/121 clstr/passed 22.42% done 35405.06 cpu
..........13600 finished 12314 clusters 18023 passed 90/113 clstr/passed 22.56% done 35405.06 cpu
..........13700 finished 12405 clusters 18148 passed 91/125 clstr/passed 22.71% done 35405.06 cpu
..........13800 finished 12494 clusters 18263 passed 89/115 clstr/passed 22.86% done 35405.07 cpu
..........13900 finished 12588 clusters 18390 passed 94/127 clstr/passed 23.02% done 35405.07 cpu
..........14000 finished 12682 clusters 18519 passed 94/129 clstr/passed 23.18% done 35405.07 cpu
..........14100 finished 12773 clusters 18645 passed 91/126 clstr/passed 23.34% done 35405.07 cpu
..........14200 finished 12865 clusters 18779 passed 92/134 clstr/passed 23.5% done 35405.07 cpu
..........14300 finished 12954 clusters 18888 passed 89/109 clstr/passed 23.64% done 35405.07 cpu
..........14400 finished 13045 clusters 18997 passed 91/109 clstr/passed 23.78% done 35405.07 cpu
..........14500 finished 13135 clusters 19107 passed 90/110 clstr/passed 23.92% done 37199.69 cpu
..........14600 finished 13221 clusters 19224 passed 86/117 clstr/passed 24.06% done 37199.69 cpu
..........14700 finished 13304 clusters 19335 passed 83/111 clstr/passed 24.2% done 37199.69 cpu
..........14800 finished 13390 clusters 19467 passed 86/132 clstr/passed 24.37% done 37209.65 cpu
..........14900 finished 13474 clusters 19567 passed 84/100 clstr/passed 24.49% done 37209.66 cpu
..........15000 finished 13569 clusters 19682 passed 95/115 clstr/passed 24.64% done 37209.67 cpu
..........15100 finished 13656 clusters 19804 passed 87/122 clstr/passed 24.79% done 37209.67 cpu
..........15200 finished 13740 clusters 19926 passed 84/122 clstr/passed 24.94% done 37209.67 cpu
..........15300 finished 13827 clusters 20036 passed 87/110 clstr/passed 25.08% done 37209.67 cpu
..........15400 finished 13917 clusters 20160 passed 90/124 clstr/passed 25.23% done 37209.67 cpu
..........15500 finished 14003 clusters 20274 passed 86/114 clstr/passed 25.38% done 37209.68 cpu
..........15600 finished 14092 clusters 20395 passed 89/121 clstr/passed 25.53% done 37209.68 cpu
..........15700 finished 14175 clusters 20505 passed 83/110 clstr/passed 25.67% done 37209.68 cpu
..........15800 finished 14264 clusters 20619 passed 89/114 clstr/passed 25.81% done 37209.68 cpu
..........15900 finished 14354 clusters 20747 passed 90/128 clstr/passed 25.97% done 37209.68 cpu
..........16000 finished 14443 clusters 20853 passed 89/106 clstr/passed 26.1% done 37219.39 cpu
..........16100 finished 14526 clusters 20958 passed 83/105 clstr/passed 26.23% done 37219.39 cpu
..........16200 finished 14613 clusters 21082 passed 87/124 clstr/passed 26.39% done 37219.39 cpu
..........16300 finished 14699 clusters 21197 passed 86/115 clstr/passed 26.53% done 37219.4 cpu
..........16400 finished 14792 clusters 21325 passed 93/128 clstr/passed 26.69% done 37219.4 cpu
..........16500 finished 14876 clusters 21434 passed 84/109 clstr/passed 26.83% done 37219.4 cpu
..........16600 finished 14966 clusters 21559 passed 90/125 clstr/passed 26.98% done 37219.4 cpu
..........16700 finished 15051 clusters 21674 passed 85/115 clstr/passed 27.13% done 38577.76 cpu
..........16800 finished 15137 clusters 21789 passed 86/115 clstr/passed 27.27% done 38577.77 cpu
..........16900 finished 15224 clusters 21893 passed 87/104 clstr/passed 27.4% done 38577.77 cpu
..........17000 finished 15314 clusters 22018 passed 90/125 clstr/passed 27.56% done 38577.77 cpu
..........17100 finished 15406 clusters 22127 passed 92/109 clstr/passed 27.7% done 38577.77 cpu
..........17200 finished 15495 clusters 22232 passed 89/105 clstr/passed 27.83% done 38577.77 cpu
..........17300 finished 15582 clusters 22344 passed 87/112 clstr/passed 27.97% done 38577.77 cpu
..........17400 finished 15667 clusters 22462 passed 85/118 clstr/passed 28.12% done 38577.77 cpu
..........17500 finished 15754 clusters 22569 passed 87/107 clstr/passed 28.25% done 38577.77 cpu
..........17600 finished 15841 clusters 22705 passed 87/136 clstr/passed 28.42% done 38577.78 cpu
..........17700 finished 15923 clusters 22803 passed 82/98 clstr/passed 28.54% done 38577.79 cpu
..........17800 finished 16007 clusters 22928 passed 84/125 clstr/passed 28.7% done 38577.79 cpu
..........17900 finished 16092 clusters 23034 passed 85/106 clstr/passed 28.83% done 38577.79 cpu
..........18000 finished 16182 clusters 23165 passed 90/131 clstr/passed 29% done 38577.79 cpu
..........18100 finished 16267 clusters 23282 passed 85/117 clstr/passed 29.14% done 38577.79 cpu
..........18200 finished 16355 clusters 23399 passed 88/117 clstr/passed 29.29% done 38577.79 cpu
..........18300 finished 16440 clusters 23515 passed 85/116 clstr/passed 29.43% done 38577.79 cpu
..........18400 finished 16527 clusters 23629 passed 87/114 clstr/passed 29.58% done 38577.79 cpu
..........18500 finished 16611 clusters 23740 passed 84/111 clstr/passed 29.72% done 38577.8 cpu
..........18600 finished 16703 clusters 23855 passed 92/115 clstr/passed 29.86% done 38577.8 cpu
..........18700 finished 16787 clusters 23959 passed 84/104 clstr/passed 29.99% done 38577.8 cpu
..........18800 finished 16876 clusters 24069 passed 89/110 clstr/passed 30.13% done 38577.8 cpu
..........18900 finished 16967 clusters 24194 passed 91/125 clstr/passed 30.28% done 39826.9 cpu
..........19000 finished 17050 clusters 24298 passed 83/104 clstr/passed 30.41% done 39826.9 cpu
..........19100 finished 17137 clusters 24414 passed 87/116 clstr/passed 30.56% done 39826.9 cpu
..........19200 finished 17223 clusters 24517 passed 86/103 clstr/passed 30.69% done 39826.9 cpu
..........19300 finished 17312 clusters 24631 passed 89/114 clstr/passed 30.83% done 39826.9 cpu
..........19400 finished 17401 clusters 24749 passed 89/118 clstr/passed 30.98% done 39826.9 cpu
..........19500 finished 17484 clusters 24853 passed 83/104 clstr/passed 31.11% done 39826.91 cpu
..........19600 finished 17573 clusters 24979 passed 89/126 clstr/passed 31.27% done 39836.19 cpu
..........19700 finished 17656 clusters 25082 passed 83/103 clstr/passed 31.4% done 39836.19 cpu
..........19800 finished 17741 clusters 25186 passed 85/104 clstr/passed 31.53% done 39836.19 cpu
..........19900 finished 17826 clusters 25289 passed 85/103 clstr/passed 31.65% done 39836.19 cpu
..........20000 finished 17915 clusters 25401 passed 89/112 clstr/passed 31.79% done 39836.19 cpu
..........20100 finished 18002 clusters 25510 passed 87/109 clstr/passed 31.93% done 39836.36 cpu
..........20200 finished 18085 clusters 25627 passed 83/117 clstr/passed 32.08% done 39836.37 cpu
..........20300 finished 18170 clusters 25733 passed 85/106 clstr/passed 32.21% done 39836.38 cpu
..........20400 finished 18265 clusters 25852 passed 95/119 clstr/passed 32.36% done 39836.38 cpu
..........20500 finished 18350 clusters 25956 passed 85/104 clstr/passed 32.49% done 39836.38 cpu
..........20600 finished 18434 clusters 26051 passed 84/95 clstr/passed 32.61% done 39836.38 cpu
..........20700 finished 18524 clusters 26153 passed 90/102 clstr/passed 32.74% done 39836.38 cpu
..........20800 finished 18611 clusters 26261 passed 87/108 clstr/passed 32.87% done 39836.38 cpu
..........20900 finished 18697 clusters 26367 passed 86/106 clstr/passed 33% done 39836.39 cpu
..........21000 finished 18784 clusters 26479 passed 87/112 clstr/passed 33.14% done 39836.39 cpu
..........21100 finished 18859 clusters 26572 passed 75/93 clstr/passed 33.26% done 40900.63 cpu
..........21200 finished 18941 clusters 26687 passed 82/115 clstr/passed 33.4% done 40900.63 cpu
..........21300 finished 19026 clusters 26805 passed 85/118 clstr/passed 33.55% done 40900.63 cpu
..........21400 finished 19112 clusters 26922 passed 86/117 clstr/passed 33.7% done 40900.63 cpu
..........21500 finished 19200 clusters 27026 passed 88/104 clstr/passed 33.83% done 40900.63 cpu
..........21600 finished 19288 clusters 27135 passed 88/109 clstr/passed 33.97% done 40900.64 cpu
..........21700 finished 19374 clusters 27244 passed 86/109 clstr/passed 34.1% done 40900.65 cpu
..........21800 finished 19464 clusters 27369 passed 90/125 clstr/passed 34.26% done 40900.65 cpu
..........21900 finished 19553 clusters 27485 passed 89/116 clstr/passed 34.4% done 40900.65 cpu
..........22000 finished 19633 clusters 27585 passed 80/100 clstr/passed 34.53% done 40900.65 cpu
..........22100 finished 19718 clusters 27696 passed 85/111 clstr/passed 34.67% done 40900.65 cpu
..........22200 finished 19812 clusters 27809 passed 94/113 clstr/passed 34.81% done 40900.65 cpu
..........22300 finished 19899 clusters 27910 passed 87/101 clstr/passed 34.94% done 40900.65 cpu
..........22400 finished 19986 clusters 28011 passed 87/101 clstr/passed 35.06% done 40900.66 cpu
..........22500 finished 20077 clusters 28122 passed 91/111 clstr/passed 35.2% done 40900.66 cpu
..........22600 finished 20161 clusters 28222 passed 84/100 clstr/passed 35.33% done 40900.66 cpu
..........22700 finished 20252 clusters 28357 passed 91/135 clstr/passed 35.5% done 40900.66 cpu
..........22800 finished 20340 clusters 28466 passed 88/109 clstr/passed 35.63% done 40900.66 cpu
..........22900 finished 20430 clusters 28597 passed 90/131 clstr/passed 35.8% done 40900.66 cpu
..........23000 finished 20520 clusters 28719 passed 90/122 clstr/passed 35.95% done 40900.66 cpu
..........23100 finished 20601 clusters 28821 passed 81/102 clstr/passed 36.08% done 40909.23 cpu
..........23200 finished 20690 clusters 28940 passed 89/119 clstr/passed 36.23% done 40909.23 cpu
..........23300 finished 20774 clusters 29042 passed 84/102 clstr/passed 36.35% done 41773.14 cpu
..........23400 finished 20858 clusters 29154 passed 84/112 clstr/passed 36.49% done 41773.14 cpu
..........23500 finished 20941 clusters 29253 passed 83/99 clstr/passed 36.62% done 41773.15 cpu
..........23600 finished 21023 clusters 29369 passed 82/116 clstr/passed 36.76% done 41773.16 cpu
..........23700 finished 21112 clusters 29476 passed 89/107 clstr/passed 36.9% done 41773.16 cpu
..........23800 finished 21193 clusters 29573 passed 81/97 clstr/passed 37.02% done 41773.16 cpu
..........23900 finished 21280 clusters 29709 passed 87/136 clstr/passed 37.19% done 41773.16 cpu
..........24000 finished 21363 clusters 29826 passed 83/117 clstr/passed 37.33% done 41781.52 cpu
..........24100 finished 21451 clusters 29942 passed 88/116 clstr/passed 37.48% done 41781.52 cpu
..........24200 finished 21534 clusters 30051 passed 83/109 clstr/passed 37.62% done 41781.53 cpu
..........24300 finished 21620 clusters 30158 passed 86/107 clstr/passed 37.75% done 41781.53 cpu
..........24400 finished 21710 clusters 30269 passed 90/111 clstr/passed 37.89% done 41781.53 cpu
..........24500 finished 21790 clusters 30380 passed 80/111 clstr/passed 38.03% done 41781.53 cpu
..........24600 finished 21876 clusters 30485 passed 86/105 clstr/passed 38.16% done 41781.53 cpu
..........24700 finished 21961 clusters 30594 passed 85/109 clstr/passed 38.3% done 41781.53 cpu
..........24800 finished 22040 clusters 30698 passed 79/104 clstr/passed 38.43% done 41781.54 cpu
..........24900 finished 22119 clusters 30794 passed 79/96 clstr/passed 38.55% done 41781.54 cpu
..........25000 finished 22205 clusters 30903 passed 86/109 clstr/passed 38.68% done 41781.55 cpu
..........25100 finished 22291 clusters 31008 passed 86/105 clstr/passed 38.81% done 41781.55 cpu
..........25200 finished 22380 clusters 31135 passed 89/127 clstr/passed 38.97% done 41781.55 cpu
..........25300 finished 22464 clusters 31237 passed 84/102 clstr/passed 39.1% done 41781.55 cpu
..........25400 finished 22545 clusters 31336 passed 81/99 clstr/passed 39.22% done 41781.55 cpu
..........25500 finished 22627 clusters 31447 passed 82/111 clstr/passed 39.36% done 42541.81 cpu
..........25600 finished 22712 clusters 31547 passed 85/100 clstr/passed 39.49% done 42541.81 cpu
..........25700 finished 22797 clusters 31653 passed 85/106 clstr/passed 39.62% done 42541.81 cpu
..........25800 finished 22880 clusters 31754 passed 83/101 clstr/passed 39.75% done 42541.81 cpu
..........25900 finished 22967 clusters 31856 passed 87/102 clstr/passed 39.88% done 42541.82 cpu
..........26000 finished 23056 clusters 31978 passed 89/122 clstr/passed 40.03% done 42541.83 cpu
..........26100 finished 23140 clusters 32081 passed 84/103 clstr/passed 40.16% done 42541.83 cpu
..........26200 finished 23224 clusters 32180 passed 84/99 clstr/passed 40.28% done 42541.83 cpu
..........26300 finished 23309 clusters 32270 passed 85/90 clstr/passed 40.39% done 42541.83 cpu
..........26400 finished 23398 clusters 32391 passed 89/121 clstr/passed 40.55% done 42541.83 cpu
..........26500 finished 23492 clusters 32511 passed 94/120 clstr/passed 40.7% done 42541.83 cpu
..........26600 finished 23578 clusters 32618 passed 86/107 clstr/passed 40.83% done 42541.83 cpu
..........26700 finished 23665 clusters 32723 passed 87/105 clstr/passed 40.96% done 42541.83 cpu
..........26800 finished 23751 clusters 32826 passed 86/103 clstr/passed 41.09% done 42541.84 cpu
..........26900 finished 23840 clusters 32959 passed 89/133 clstr/passed 41.26% done 42541.84 cpu
..........27000 finished 23924 clusters 33076 passed 84/117 clstr/passed 41.4% done 42541.84 cpu
..........27100 finished 24009 clusters 33182 passed 85/106 clstr/passed 41.54% done 42541.84 cpu
..........27200 finished 24091 clusters 33280 passed 82/98 clstr/passed 41.66% done 42541.84 cpu
..........27300 finished 24180 clusters 33392 passed 89/112 clstr/passed 41.8% done 42541.84 cpu
..........27400 finished 24270 clusters 33509 passed 90/117 clstr/passed 41.95% done 42541.84 cpu
..........27500 finished 24356 clusters 33617 passed 86/108 clstr/passed 42.08% done 42549.69 cpu
..........27600 finished 24436 clusters 33719 passed 80/102 clstr/passed 42.21% done 42549.7 cpu
..........27700 finished 24525 clusters 33831 passed 89/112 clstr/passed 42.35% done 43209.78 cpu
..........27800 finished 24608 clusters 33934 passed 83/103 clstr/passed 42.48% done 43209.79 cpu
..........27900 finished 24695 clusters 34042 passed 87/108 clstr/passed 42.61% done 43209.79 cpu
..........28000 finished 24783 clusters 34160 passed 88/118 clstr/passed 42.76% done 43209.79 cpu
..........28100 finished 24876 clusters 34290 passed 93/130 clstr/passed 42.92% done 43209.79 cpu
..........28200 finished 24959 clusters 34393 passed 83/103 clstr/passed 43.05% done 43209.8 cpu
..........28300 finished 25040 clusters 34496 passed 81/103 clstr/passed 43.18% done 43209.8 cpu
..........28400 finished 25129 clusters 34617 passed 89/121 clstr/passed 43.33% done 43209.8 cpu
..........28500 finished 25213 clusters 34720 passed 84/103 clstr/passed 43.46% done 43209.8 cpu
..........28600 finished 25300 clusters 34830 passed 87/110 clstr/passed 43.6% done 43209.81 cpu
..........28700 finished 25383 clusters 34926 passed 83/96 clstr/passed 43.72% done 43209.81 cpu
..........28800 finished 25465 clusters 35027 passed 82/101 clstr/passed 43.85% done 43209.81 cpu
..........28900 finished 25549 clusters 35131 passed 84/104 clstr/passed 43.98% done 43209.81 cpu
..........29000 finished 25638 clusters 35254 passed 89/123 clstr/passed 44.13% done 43209.81 cpu
..........29100 finished 25722 clusters 35357 passed 84/103 clstr/passed 44.26% done 43209.81 cpu
..........29200 finished 25803 clusters 35459 passed 81/102 clstr/passed 44.39% done 43209.81 cpu
..........29300 finished 25891 clusters 35569 passed 88/110 clstr/passed 44.52% done 43209.81 cpu
..........29400 finished 25967 clusters 35660 passed 76/91 clstr/passed 44.64% done 43209.81 cpu
..........29500 finished 26054 clusters 35778 passed 87/118 clstr/passed 44.79% done 43209.81 cpu
..........29600 finished 26139 clusters 35871 passed 85/93 clstr/passed 44.9% done 43209.81 cpu
..........29700 finished 26219 clusters 35961 passed 80/90 clstr/passed 45.01% done 43209.82 cpu
..........29800 finished 26309 clusters 36069 passed 90/108 clstr/passed 45.15% done 43209.82 cpu
..........29900 finished 26393 clusters 36171 passed 84/102 clstr/passed 45.28% done 43209.83 cpu
..........30000 finished 26481 clusters 36279 passed 88/108 clstr/passed 45.41% done 43868.16 cpu
..........30100 finished 26572 clusters 36399 passed 91/120 clstr/passed 45.56% done 43868.16 cpu
..........30200 finished 26650 clusters 36487 passed 78/88 clstr/passed 45.67% done 43868.16 cpu
..........30300 finished 26729 clusters 36579 passed 79/92 clstr/passed 45.79% done 43868.16 cpu
..........30400 finished 26813 clusters 36682 passed 84/103 clstr/passed 45.92% done 43868.16 cpu
..........30500 finished 26903 clusters 36781 passed 90/99 clstr/passed 46.04% done 43868.16 cpu
..........30600 finished 26986 clusters 36878 passed 83/97 clstr/passed 46.16% done 43868.17 cpu
..........30700 finished 27072 clusters 36975 passed 86/97 clstr/passed 46.28% done 43868.17 cpu
..........30800 finished 27151 clusters 37083 passed 79/108 clstr/passed 46.42% done 43868.17 cpu
..........30900 finished 27235 clusters 37183 passed 84/100 clstr/passed 46.54% done 43875.53 cpu
..........31000 finished 27316 clusters 37285 passed 81/102 clstr/passed 46.67% done 43875.53 cpu
..........31100 finished 27407 clusters 37389 passed 91/104 clstr/passed 46.8% done 43875.54 cpu
..........31200 finished 27493 clusters 37500 passed 86/111 clstr/passed 46.94% done 43875.54 cpu
..........31300 finished 27570 clusters 37595 passed 77/95 clstr/passed 47.06% done 43875.54 cpu
..........31400 finished 27655 clusters 37713 passed 85/118 clstr/passed 47.21% done 43875.54 cpu
..........31500 finished 27730 clusters 37796 passed 75/83 clstr/passed 47.31% done 43875.54 cpu
..........31600 finished 27818 clusters 37900 passed 88/104 clstr/passed 47.44% done 43875.54 cpu
..........31700 finished 27905 clusters 38008 passed 87/108 clstr/passed 47.58% done 43875.55 cpu
..........31800 finished 27991 clusters 38110 passed 86/102 clstr/passed 47.71% done 43875.55 cpu
..........31900 finished 28074 clusters 38211 passed 83/101 clstr/passed 47.83% done 43875.55 cpu
..........32000 finished 28156 clusters 38308 passed 82/97 clstr/passed 47.95% done 43882.68 cpu
..........32100 finished 28237 clusters 38412 passed 81/104 clstr/passed 48.08% done 43882.69 cpu
..........32200 finished 28313 clusters 38499 passed 76/87 clstr/passed 48.19% done 44375.49 cpu
..........32300 finished 28401 clusters 38605 passed 88/106 clstr/passed 48.32% done 44375.49 cpu
..........32400 finished 28480 clusters 38696 passed 79/91 clstr/passed 48.44% done 44375.49 cpu
..........32500 finished 28570 clusters 38809 passed 90/113 clstr/passed 48.58% done 44375.49 cpu
..........32600 finished 28654 clusters 38916 passed 84/107 clstr/passed 48.71% done 44375.5 cpu
..........32700 finished 28741 clusters 39022 passed 87/106 clstr/passed 48.85% done 44375.5 cpu
..........32800 finished 28813 clusters 39101 passed 72/79 clstr/passed 48.95% done 44375.5 cpu
..........32900 finished 28897 clusters 39209 passed 84/108 clstr/passed 49.08% done 44375.5 cpu
..........33000 finished 28983 clusters 39316 passed 86/107 clstr/passed 49.22% done 44375.5 cpu
..........33100 finished 29062 clusters 39413 passed 79/97 clstr/passed 49.34% done 44375.5 cpu
..........33200 finished 29150 clusters 39519 passed 88/106 clstr/passed 49.47% done 44375.5 cpu
..........33300 finished 29237 clusters 39625 passed 87/106 clstr/passed 49.6% done 44375.5 cpu
..........33400 finished 29325 clusters 39726 passed 88/101 clstr/passed 49.73% done 44375.5 cpu
..........33500 finished 29405 clusters 39820 passed 80/94 clstr/passed 49.85% done 44375.51 cpu
..........33600 finished 29491 clusters 39933 passed 86/113 clstr/passed 49.99% done 44375.51 cpu
..........33700 finished 29578 clusters 40050 passed 87/117 clstr/passed 50.13% done 44375.51 cpu
..........33800 finished 29664 clusters 40144 passed 86/94 clstr/passed 50.25% done 44375.51 cpu
..........33900 finished 29753 clusters 40256 passed 89/112 clstr/passed 50.39% done 44375.52 cpu
..........34000 finished 29842 clusters 40369 passed 89/113 clstr/passed 50.53% done 44375.52 cpu
..........34100 finished 29933 clusters 40496 passed 91/127 clstr/passed 50.69% done 44375.52 cpu
..........34200 finished 30013 clusters 40588 passed 80/92 clstr/passed 50.81% done 44375.52 cpu
..........34300 finished 30094 clusters 40685 passed 81/97 clstr/passed 50.93% done 44375.52 cpu
..........34400 finished 30177 clusters 40785 passed 83/100 clstr/passed 51.05% done 44375.52 cpu
..........34500 finished 30252 clusters 40868 passed 75/83 clstr/passed 51.16% done 44824.66 cpu
..........34600 finished 30334 clusters 40964 passed 82/96 clstr/passed 51.28% done 44824.66 cpu
..........34700 finished 30427 clusters 41084 passed 93/120 clstr/passed 51.43% done 44824.67 cpu
..........34800 finished 30503 clusters 41175 passed 76/91 clstr/passed 51.54% done 44824.67 cpu
..........34900 finished 30587 clusters 41280 passed 84/105 clstr/passed 51.67% done 44824.67 cpu
..........35000 finished 30667 clusters 41373 passed 80/93 clstr/passed 51.79% done 44824.67 cpu
..........35100 finished 30747 clusters 41461 passed 80/88 clstr/passed 51.9% done 44824.67 cpu
..........35200 finished 30820 clusters 41540 passed 73/79 clstr/passed 52% done 44824.67 cpu
..........35300 finished 30908 clusters 41636 passed 88/96 clstr/passed 52.12% done 44831.39 cpu
..........35400 finished 30985 clusters 41727 passed 77/91 clstr/passed 52.23% done 44831.4 cpu
..........35500 finished 31070 clusters 41828 passed 85/101 clstr/passed 52.36% done 44831.41 cpu
..........35600 finished 31150 clusters 41921 passed 80/93 clstr/passed 52.48% done 44831.41 cpu
..........35700 finished 31233 clusters 42025 passed 83/104 clstr/passed 52.61% done 44831.41 cpu
..........35800 finished 31314 clusters 42130 passed 81/105 clstr/passed 52.74% done 44831.41 cpu
..........35900 finished 31391 clusters 42219 passed 77/89 clstr/passed 52.85% done 44831.41 cpu
..........36000 finished 31474 clusters 42319 passed 83/100 clstr/passed 52.97% done 44831.41 cpu
..........36100 finished 31552 clusters 42414 passed 78/95 clstr/passed 53.09% done 44831.41 cpu
..........36200 finished 31637 clusters 42520 passed 85/106 clstr/passed 53.23% done 44831.42 cpu
..........36300 finished 31723 clusters 42627 passed 86/107 clstr/passed 53.36% done 44831.42 cpu
..........36400 finished 31809 clusters 42740 passed 86/113 clstr/passed 53.5% done 44831.42 cpu
..........36500 finished 31889 clusters 42830 passed 80/90 clstr/passed 53.61% done 44831.42 cpu
..........36600 finished 31968 clusters 42925 passed 79/95 clstr/passed 53.73% done 44831.42 cpu
..........36700 finished 32048 clusters 43020 passed 80/95 clstr/passed 53.85% done 44831.42 cpu
..........36800 finished 32124 clusters 43116 passed 76/96 clstr/passed 53.97% done 45195.84 cpu
..........36900 finished 32205 clusters 43207 passed 81/91 clstr/passed 54.09% done 45195.84 cpu
..........37000 finished 32288 clusters 43312 passed 83/105 clstr/passed 54.22% done 45195.84 cpu
..........37100 finished 32374 clusters 43414 passed 86/102 clstr/passed 54.35% done 45195.84 cpu
..........37200 finished 32452 clusters 43508 passed 78/94 clstr/passed 54.46% done 45195.85 cpu
..........37300 finished 32529 clusters 43595 passed 77/87 clstr/passed 54.57% done 45195.85 cpu
..........37400 finished 32611 clusters 43698 passed 82/103 clstr/passed 54.7% done 45195.85 cpu
..........37500 finished 32690 clusters 43792 passed 79/94 clstr/passed 54.82% done 45195.86 cpu
..........37600 finished 32778 clusters 43898 passed 88/106 clstr/passed 54.95% done 45195.86 cpu
..........37700 finished 32858 clusters 43988 passed 80/90 clstr/passed 55.06% done 45195.86 cpu
..........37800 finished 32937 clusters 44086 passed 79/98 clstr/passed 55.19% done 45195.86 cpu
..........37900 finished 33014 clusters 44173 passed 77/87 clstr/passed 55.3% done 45195.86 cpu
..........38000 finished 33092 clusters 44267 passed 78/94 clstr/passed 55.41% done 45195.86 cpu
..........38100 finished 33176 clusters 44368 passed 84/101 clstr/passed 55.54% done 45195.86 cpu
..........38200 finished 33256 clusters 44458 passed 80/90 clstr/passed 55.65% done 45195.86 cpu
..........38300 finished 33332 clusters 44543 passed 76/85 clstr/passed 55.76% done 45195.86 cpu
..........38400 finished 33409 clusters 44633 passed 77/90 clstr/passed 55.87% done 45195.86 cpu
..........38500 finished 33482 clusters 44717 passed 73/84 clstr/passed 55.98% done 45202.05 cpu
..........38600 finished 33573 clusters 44830 passed 91/113 clstr/passed 56.12% done 45202.06 cpu
..........38700 finished 33660 clusters 44934 passed 87/104 clstr/passed 56.25% done 45202.06 cpu
..........38800 finished 33737 clusters 45024 passed 77/90 clstr/passed 56.36% done 45202.06 cpu
..........38900 finished 33819 clusters 45126 passed 82/102 clstr/passed 56.49% done 45202.06 cpu
..........39000 finished 33898 clusters 45218 passed 79/92 clstr/passed 56.6% done 45202.06 cpu
..........39100 finished 33976 clusters 45312 passed 78/94 clstr/passed 56.72% done 45490.59 cpu
..........39200 finished 34064 clusters 45413 passed 88/101 clstr/passed 56.85% done 45490.59 cpu
..........39300 finished 34147 clusters 45502 passed 83/89 clstr/passed 56.96% done 45490.59 cpu
..........39400 finished 34228 clusters 45595 passed 81/93 clstr/passed 57.08% done 45490.59 cpu
..........39500 finished 34308 clusters 45694 passed 80/99 clstr/passed 57.2% done 45490.6 cpu
..........39600 finished 34394 clusters 45797 passed 86/103 clstr/passed 57.33% done 45490.6 cpu
..........39700 finished 34477 clusters 45903 passed 83/106 clstr/passed 57.46% done 45490.6 cpu
..........39800 finished 34551 clusters 45997 passed 74/94 clstr/passed 57.58% done 45490.6 cpu
..........39900 finished 34631 clusters 46103 passed 80/106 clstr/passed 57.71% done 45490.6 cpu
..........40000 finished 34711 clusters 46200 passed 80/97 clstr/passed 57.83% done 45496.56 cpu
..........40100 finished 34797 clusters 46306 passed 86/106 clstr/passed 57.97% done 45496.78 cpu
..........40200 finished 34878 clusters 46400 passed 81/94 clstr/passed 58.08% done 45496.78 cpu
..........40300 finished 34961 clusters 46493 passed 83/93 clstr/passed 58.2% done 45496.79 cpu
..........40400 finished 35037 clusters 46587 passed 76/94 clstr/passed 58.32% done 45496.79 cpu
..........40500 finished 35126 clusters 46693 passed 89/106 clstr/passed 58.45% done 45496.79 cpu
..........40600 finished 35206 clusters 46787 passed 80/94 clstr/passed 58.57% done 45496.79 cpu
..........40700 finished 35291 clusters 46888 passed 85/101 clstr/passed 58.69% done 45496.79 cpu
..........40800 finished 35370 clusters 46983 passed 79/95 clstr/passed 58.81% done 45496.79 cpu
..........40900 finished 35449 clusters 47077 passed 79/94 clstr/passed 58.93% done 45496.79 cpu
..........41000 finished 35535 clusters 47178 passed 86/101 clstr/passed 59.06% done 45496.79 cpu
..........41100 finished 35613 clusters 47272 passed 78/94 clstr/passed 59.18% done 45496.8 cpu
..........41200 finished 35690 clusters 47367 passed 77/95 clstr/passed 59.29% done 45496.8 cpu
..........41300 finished 35772 clusters 47457 passed 82/90 clstr/passed 59.41% done 45496.81 cpu
..........41400 finished 35854 clusters 47558 passed 82/101 clstr/passed 59.53% done 45496.81 cpu
..........41500 finished 35930 clusters 47647 passed 76/89 clstr/passed 59.64% done 45758.6 cpu
..........41600 finished 36011 clusters 47739 passed 81/92 clstr/passed 59.76% done 45758.6 cpu
..........41700 finished 36090 clusters 47834 passed 79/95 clstr/passed 59.88% done 45758.61 cpu
..........41800 finished 36174 clusters 47941 passed 84/107 clstr/passed 60.01% done 45758.61 cpu
..........41900 finished 36262 clusters 48052 passed 88/111 clstr/passed 60.15% done 45758.61 cpu
..........42000 finished 36345 clusters 48152 passed 83/100 clstr/passed 60.28% done 45758.61 cpu
..........42100 finished 36424 clusters 48248 passed 79/96 clstr/passed 60.4% done 45758.61 cpu
..........42200 finished 36506 clusters 48355 passed 82/107 clstr/passed 60.53% done 45758.61 cpu
..........42300 finished 36588 clusters 48468 passed 82/113 clstr/passed 60.67% done 45758.62 cpu
..........42400 finished 36675 clusters 48568 passed 87/100 clstr/passed 60.8% done 45758.62 cpu
..........42500 finished 36759 clusters 48665 passed 84/97 clstr/passed 60.92% done 45758.62 cpu
..........42600 finished 36844 clusters 48767 passed 85/102 clstr/passed 61.05% done 45758.63 cpu
..........42700 finished 36927 clusters 48863 passed 83/96 clstr/passed 61.17% done 45758.63 cpu
..........42800 finished 37008 clusters 48956 passed 81/93 clstr/passed 61.28% done 45758.63 cpu
..........42900 finished 37090 clusters 49058 passed 82/102 clstr/passed 61.41% done 45764.09 cpu
..........43000 finished 37163 clusters 49146 passed 73/88 clstr/passed 61.52% done 45764.1 cpu
..........43100 finished 37245 clusters 49241 passed 82/95 clstr/passed 61.64% done 45764.1 cpu
..........43200 finished 37321 clusters 49330 passed 76/89 clstr/passed 61.75% done 45764.1 cpu
..........43300 finished 37400 clusters 49423 passed 79/93 clstr/passed 61.87% done 45764.1 cpu
..........43400 finished 37485 clusters 49538 passed 85/115 clstr/passed 62.01% done 45764.1 cpu
..........43500 finished 37566 clusters 49634 passed 81/96 clstr/passed 62.13% done 45764.1 cpu
..........43600 finished 37645 clusters 49723 passed 79/89 clstr/passed 62.24% done 45764.1 cpu
..........43700 finished 37722 clusters 49817 passed 77/94 clstr/passed 62.36% done 45764.1 cpu
..........43800 finished 37798 clusters 49907 passed 76/90 clstr/passed 62.47% done 46009.03 cpu
..........43900 finished 37875 clusters 49995 passed 77/88 clstr/passed 62.58% done 46009.03 cpu
..........44000 finished 37953 clusters 50092 passed 78/97 clstr/passed 62.71% done 46009.04 cpu
..........44100 finished 38036 clusters 50195 passed 83/103 clstr/passed 62.83% done 46009.04 cpu
..........44200 finished 38116 clusters 50289 passed 80/94 clstr/passed 62.95% done 46009.04 cpu
..........44300 finished 38188 clusters 50376 passed 72/87 clstr/passed 63.06% done 46009.04 cpu
..........44400 finished 38271 clusters 50485 passed 83/109 clstr/passed 63.2% done 46009.04 cpu
..........44500 finished 38349 clusters 50576 passed 78/91 clstr/passed 63.31% done 46009.04 cpu
..........44600 finished 38431 clusters 50679 passed 82/103 clstr/passed 63.44% done 46009.05 cpu
..........44700 finished 38510 clusters 50764 passed 79/85 clstr/passed 63.55% done 46009.05 cpu
..........44800 finished 38589 clusters 50864 passed 79/100 clstr/passed 63.67% done 46009.05 cpu
..........44900 finished 38668 clusters 50956 passed 79/92 clstr/passed 63.79% done 46009.05 cpu
..........45000 finished 38744 clusters 51049 passed 76/93 clstr/passed 63.9% done 46009.05 cpu
..........45100 finished 38817 clusters 51133 passed 73/84 clstr/passed 64.01% done 46009.05 cpu
..........45200 finished 38894 clusters 51232 passed 77/99 clstr/passed 64.13% done 46009.06 cpu
..........45300 finished 38978 clusters 51327 passed 84/95 clstr/passed 64.25% done 46009.06 cpu
..........45400 finished 39060 clusters 51428 passed 82/101 clstr/passed 64.38% done 46009.06 cpu
..........45500 finished 39137 clusters 51517 passed 77/89 clstr/passed 64.49% done 46009.06 cpu
..........45600 finished 39224 clusters 51621 passed 87/104 clstr/passed 64.62% done 46009.06 cpu
..........45700 finished 39305 clusters 51723 passed 81/102 clstr/passed 64.75% done 46014.09 cpu
..........45800 finished 39382 clusters 51818 passed 77/95 clstr/passed 64.87% done 46014.09 cpu
..........45900 finished 39457 clusters 51909 passed 75/91 clstr/passed 64.98% done 46014.09 cpu
..........46000 finished 39532 clusters 52002 passed 75/93 clstr/passed 65.1% done 46014.09 cpu
..........46100 finished 39612 clusters 52097 passed 80/95 clstr/passed 65.22% done 46014.09 cpu
..........46200 finished 39695 clusters 52202 passed 83/105 clstr/passed 65.35% done 46200.41 cpu
..........46300 finished 39779 clusters 52301 passed 84/99 clstr/passed 65.47% done 46200.41 cpu
..........46400 finished 39858 clusters 52395 passed 79/94 clstr/passed 65.59% done 46200.41 cpu
..........46500 finished 39939 clusters 52483 passed 81/88 clstr/passed 65.7% done 46200.41 cpu
..........46600 finished 40022 clusters 52574 passed 83/91 clstr/passed 65.81% done 46200.41 cpu
..........46700 finished 40104 clusters 52668 passed 82/94 clstr/passed 65.93% done 46200.41 cpu
..........46800 finished 40192 clusters 52769 passed 88/101 clstr/passed 66.06% done 46200.41 cpu
..........46900 finished 40270 clusters 52858 passed 78/89 clstr/passed 66.17% done 46200.41 cpu
..........47000 finished 40355 clusters 52962 passed 85/104 clstr/passed 66.3% done 46200.41 cpu
..........47100 finished 40432 clusters 53050 passed 77/88 clstr/passed 66.41% done 46200.41 cpu
..........47200 finished 40512 clusters 53144 passed 80/94 clstr/passed 66.53% done 46200.43 cpu
..........47300 finished 40592 clusters 53235 passed 80/91 clstr/passed 66.64% done 46200.43 cpu
..........47400 finished 40673 clusters 53331 passed 81/96 clstr/passed 66.76% done 46200.43 cpu
..........47500 finished 40760 clusters 53426 passed 87/95 clstr/passed 66.88% done 46200.43 cpu
..........47600 finished 40838 clusters 53521 passed 78/95 clstr/passed 67% done 46200.43 cpu
..........47700 finished 40923 clusters 53621 passed 85/100 clstr/passed 67.12% done 46200.43 cpu
..........47800 finished 40998 clusters 53715 passed 75/94 clstr/passed 67.24% done 46200.43 cpu
..........47900 finished 41079 clusters 53807 passed 81/92 clstr/passed 67.36% done 46200.43 cpu
..........48000 finished 41159 clusters 53900 passed 80/93 clstr/passed 67.47% done 46205.1 cpu
..........48100 finished 41245 clusters 53998 passed 86/98 clstr/passed 67.6% done 46205.1 cpu
..........48200 finished 41320 clusters 54096 passed 75/98 clstr/passed 67.72% done 46205.1 cpu
..........48300 finished 41399 clusters 54190 passed 79/94 clstr/passed 67.84% done 46205.1 cpu
..........48400 finished 41488 clusters 54293 passed 89/103 clstr/passed 67.96% done 46205.11 cpu
..........48500 finished 41573 clusters 54387 passed 85/94 clstr/passed 68.08% done 46364.61 cpu
..........48600 finished 41652 clusters 54479 passed 79/92 clstr/passed 68.2% done 46364.62 cpu
..........48700 finished 41728 clusters 54578 passed 76/99 clstr/passed 68.32% done 46364.62 cpu
..........48800 finished 41809 clusters 54672 passed 81/94 clstr/passed 68.44% done 46364.62 cpu
..........48900 finished 41897 clusters 54773 passed 88/101 clstr/passed 68.57% done 46364.62 cpu
..........49000 finished 41974 clusters 54861 passed 77/88 clstr/passed 68.68% done 46364.63 cpu
..........49100 finished 42053 clusters 54955 passed 79/94 clstr/passed 68.79% done 46364.63 cpu
..........49200 finished 42135 clusters 55050 passed 82/95 clstr/passed 68.91% done 46364.63 cpu
..........49300 finished 42214 clusters 55137 passed 79/87 clstr/passed 69.02% done 46364.63 cpu
..........49400 finished 42296 clusters 55232 passed 82/95 clstr/passed 69.14% done 46364.63 cpu
..........49500 finished 42367 clusters 55324 passed 71/92 clstr/passed 69.26% done 46364.63 cpu
..........49600 finished 42448 clusters 55417 passed 81/93 clstr/passed 69.37% done 46364.63 cpu
..........49700 finished 42530 clusters 55516 passed 82/99 clstr/passed 69.5% done 46364.63 cpu
..........49800 finished 42605 clusters 55603 passed 75/87 clstr/passed 69.6% done 46364.63 cpu
..........49900 finished 42679 clusters 55690 passed 74/87 clstr/passed 69.71% done 46364.63 cpu
..........50000 finished 42763 clusters 55781 passed 84/91 clstr/passed 69.83% done 46364.64 cpu
..........50100 finished 42845 clusters 55867 passed 82/86 clstr/passed 69.94% done 46364.64 cpu
..........50200 finished 42928 clusters 55958 passed 83/91 clstr/passed 70.05% done 46364.65 cpu
..........50300 finished 43008 clusters 56052 passed 80/94 clstr/passed 70.17% done 46364.65 cpu
..........50400 finished 43093 clusters 56147 passed 85/95 clstr/passed 70.29% done 46369 cpu
..........50500 finished 43177 clusters 56239 passed 84/92 clstr/passed 70.4% done 46369 cpu
..........50600 finished 43258 clusters 56330 passed 81/91 clstr/passed 70.52% done 46369.01 cpu
..........50700 finished 43337 clusters 56428 passed 79/98 clstr/passed 70.64% done 46369.01 cpu
..........50800 finished 43415 clusters 56517 passed 78/89 clstr/passed 70.75% done 46369.01 cpu
..........50900 finished 43492 clusters 56616 passed 77/99 clstr/passed 70.87% done 46497.51 cpu
..........51000 finished 43575 clusters 56716 passed 83/100 clstr/passed 71% done 46497.52 cpu
..........51100 finished 43651 clusters 56800 passed 76/84 clstr/passed 71.1% done 46497.52 cpu
..........51200 finished 43731 clusters 56901 passed 80/101 clstr/passed 71.23% done 46497.52 cpu
..........51300 finished 43816 clusters 57006 passed 85/105 clstr/passed 71.36% done 46497.52 cpu
..........51400 finished 43888 clusters 57090 passed 72/84 clstr/passed 71.47% done 46497.52 cpu
..........51500 finished 43963 clusters 57170 passed 75/80 clstr/passed 71.57% done 46497.52 cpu
..........51600 finished 44043 clusters 57264 passed 80/94 clstr/passed 71.68% done 46497.52 cpu
..........51700 finished 44123 clusters 57362 passed 80/98 clstr/passed 71.81% done 46497.52 cpu
..........51800 finished 44202 clusters 57457 passed 79/95 clstr/passed 71.93% done 46497.52 cpu
..........51900 finished 44282 clusters 57549 passed 80/92 clstr/passed 72.04% done 46497.52 cpu
..........52000 finished 44359 clusters 57639 passed 77/90 clstr/passed 72.15% done 46497.53 cpu
..........52100 finished 44440 clusters 57731 passed 81/92 clstr/passed 72.27% done 46497.53 cpu
..........52200 finished 44526 clusters 57831 passed 86/100 clstr/passed 72.39% done 46497.53 cpu
..........52300 finished 44609 clusters 57920 passed 83/89 clstr/passed 72.51% done 46497.53 cpu
..........52400 finished 44691 clusters 58017 passed 82/97 clstr/passed 72.63% done 46497.53 cpu
..........52500 finished 44769 clusters 58105 passed 78/88 clstr/passed 72.74% done 46497.53 cpu
..........52600 finished 44845 clusters 58188 passed 76/83 clstr/passed 72.84% done 46497.53 cpu
..........52700 finished 44932 clusters 58291 passed 87/103 clstr/passed 72.97% done 46497.54 cpu
..........52800 finished 45015 clusters 58387 passed 83/96 clstr/passed 73.09% done 46501.55 cpu
..........52900 finished 45099 clusters 58482 passed 84/95 clstr/passed 73.21% done 46501.55 cpu
..........53000 finished 45176 clusters 58574 passed 77/92 clstr/passed 73.32% done 46501.55 cpu
..........53100 finished 45255 clusters 58661 passed 79/87 clstr/passed 73.43% done 46501.56 cpu
..........53200 finished 45341 clusters 58761 passed 86/100 clstr/passed 73.56% done 46609.08 cpu
..........53300 finished 45414 clusters 58842 passed 73/81 clstr/passed 73.66% done 46609.09 cpu
..........53400 finished 45489 clusters 58936 passed 75/94 clstr/passed 73.78% done 46609.09 cpu
..........53500 finished 45567 clusters 59028 passed 78/92 clstr/passed 73.89% done 46609.09 cpu
..........53600 finished 45646 clusters 59123 passed 79/95 clstr/passed 74.01% done 46609.09 cpu
..........53700 finished 45725 clusters 59214 passed 79/91 clstr/passed 74.13% done 46609.09 cpu
..........53800 finished 45797 clusters 59293 passed 72/79 clstr/passed 74.22% done 46609.1 cpu
..........53900 finished 45876 clusters 59383 passed 79/90 clstr/passed 74.34% done 46609.1 cpu
..........54000 finished 45955 clusters 59479 passed 79/96 clstr/passed 74.46% done 46609.1 cpu
..........54100 finished 46029 clusters 59562 passed 74/83 clstr/passed 74.56% done 46609.1 cpu
..........54200 finished 46110 clusters 59653 passed 81/91 clstr/passed 74.68% done 46609.1 cpu
..........54300 finished 46190 clusters 59746 passed 80/93 clstr/passed 74.79% done 46609.1 cpu
..........54400 finished 46271 clusters 59848 passed 81/102 clstr/passed 74.92% done 46609.1 cpu
..........54500 finished 46348 clusters 59939 passed 77/91 clstr/passed 75.03% done 46609.1 cpu
..........54600 finished 46424 clusters 60021 passed 76/82 clstr/passed 75.14% done 46609.1 cpu
..........54700 finished 46503 clusters 60114 passed 79/93 clstr/passed 75.25% done 46609.11 cpu
..........54800 finished 46575 clusters 60199 passed 72/85 clstr/passed 75.36% done 46609.11 cpu
..........54900 finished 46652 clusters 60295 passed 77/96 clstr/passed 75.48% done 46609.11 cpu
..........55000 finished 46726 clusters 60378 passed 74/83 clstr/passed 75.58% done 46612.7 cpu
..........55100 finished 46805 clusters 60472 passed 79/94 clstr/passed 75.7% done 46612.72 cpu
..........55200 finished 46884 clusters 60563 passed 79/91 clstr/passed 75.81% done 46612.72 cpu
..........55300 finished 46960 clusters 60644 passed 76/81 clstr/passed 75.92% done 46612.72 cpu
..........55400 finished 47036 clusters 60728 passed 76/84 clstr/passed 76.02% done 46612.72 cpu
..........55500 finished 47116 clusters 60831 passed 80/103 clstr/passed 76.15% done 46612.72 cpu
..........55600 finished 47189 clusters 60935 passed 73/104 clstr/passed 76.28% done 46612.72 cpu
..........55700 finished 47263 clusters 61027 passed 74/92 clstr/passed 76.4% done 46698.58 cpu
..........55800 finished 47344 clusters 61114 passed 81/87 clstr/passed 76.5% done 46698.58 cpu
..........55900 finished 47426 clusters 61214 passed 82/100 clstr/passed 76.63% done 46698.58 cpu
..........56000 finished 47503 clusters 61302 passed 77/88 clstr/passed 76.74% done 46702.09 cpu
..........56100 finished 47579 clusters 61395 passed 76/93 clstr/passed 76.86% done 46702.1 cpu
..........56200 finished 47659 clusters 61482 passed 80/87 clstr/passed 76.96% done 46702.1 cpu
..........56300 finished 47731 clusters 61558 passed 72/76 clstr/passed 77.06% done 46702.1 cpu
..........56400 finished 47803 clusters 61646 passed 72/88 clstr/passed 77.17% done 46702.1 cpu
..........56500 finished 47876 clusters 61740 passed 73/94 clstr/passed 77.29% done 46702.1 cpu
..........56600 finished 47955 clusters 61828 passed 79/88 clstr/passed 77.4% done 46702.1 cpu
..........56700 finished 48035 clusters 61917 passed 80/89 clstr/passed 77.51% done 46702.1 cpu
..........56800 finished 48110 clusters 62013 passed 75/96 clstr/passed 77.63% done 46702.1 cpu
..........56900 finished 48188 clusters 62101 passed 78/88 clstr/passed 77.74% done 46702.11 cpu
..........57000 finished 48260 clusters 62187 passed 72/86 clstr/passed 77.85% done 46702.11 cpu
..........57100 finished 48330 clusters 62270 passed 70/83 clstr/passed 77.95% done 46702.12 cpu
..........57200 finished 48399 clusters 62344 passed 69/74 clstr/passed 78.04% done 46702.12 cpu
..........57300 finished 48469 clusters 62440 passed 70/96 clstr/passed 78.16% done 46702.12 cpu
..........57400 finished 48545 clusters 62521 passed 76/81 clstr/passed 78.27% done 46702.12 cpu
..........57500 finished 48622 clusters 62611 passed 77/90 clstr/passed 78.38% done 46702.12 cpu
..........57600 finished 48700 clusters 62700 passed 78/89 clstr/passed 78.49% done 46702.12 cpu
..........57700 finished 48771 clusters 62778 passed 71/78 clstr/passed 78.59% done 46702.12 cpu
..........57800 finished 48842 clusters 62858 passed 71/80 clstr/passed 78.69% done 46702.12 cpu
..........57900 finished 48915 clusters 62943 passed 73/85 clstr/passed 78.79% done 46702.12 cpu
..........58000 finished 48987 clusters 63030 passed 72/87 clstr/passed 78.9% done 46702.13 cpu
..........58100 finished 49064 clusters 63117 passed 77/87 clstr/passed 79.01% done 46705.33 cpu
..........58200 finished 49131 clusters 63192 passed 67/75 clstr/passed 79.11% done 46771.91 cpu
..........58300 finished 49208 clusters 63278 passed 77/86 clstr/passed 79.21% done 46771.91 cpu
..........58400 finished 49290 clusters 63372 passed 82/94 clstr/passed 79.33% done 46771.91 cpu
..........58500 finished 49364 clusters 63456 passed 74/84 clstr/passed 79.44% done 46771.91 cpu
..........58600 finished 49440 clusters 63544 passed 76/88 clstr/passed 79.55% done 46771.92 cpu
..........58700 finished 49512 clusters 63628 passed 72/84 clstr/passed 79.65% done 46771.92 cpu
..........58800 finished 49591 clusters 63719 passed 79/91 clstr/passed 79.77% done 46771.92 cpu
..........58900 finished 49664 clusters 63806 passed 73/87 clstr/passed 79.87% done 46771.92 cpu
..........59000 finished 49735 clusters 63887 passed 71/81 clstr/passed 79.98% done 46771.92 cpu
..........59100 finished 49808 clusters 63965 passed 73/78 clstr/passed 80.07% done 46771.92 cpu
..........59200 finished 49883 clusters 64060 passed 75/95 clstr/passed 80.19% done 46771.93 cpu
..........59300 finished 49957 clusters 64156 passed 74/96 clstr/passed 80.31% done 46771.94 cpu
..........59400 finished 50033 clusters 64239 passed 76/83 clstr/passed 80.42% done 46771.94 cpu
..........59500 finished 50106 clusters 64320 passed 73/81 clstr/passed 80.52% done 46771.94 cpu
..........59600 finished 50177 clusters 64411 passed 71/91 clstr/passed 80.63% done 46771.94 cpu
..........59700 finished 50258 clusters 64507 passed 81/96 clstr/passed 80.75% done 46771.94 cpu
..........59800 finished 50339 clusters 64601 passed 81/94 clstr/passed 80.87% done 46771.94 cpu
..........59900 finished 50418 clusters 64704 passed 79/103 clstr/passed 81% done 46771.94 cpu
..........60000 finished 50497 clusters 64798 passed 79/94 clstr/passed 81.12% done 46774.88 cpu
..........60100 finished 50562 clusters 64874 passed 65/76 clstr/passed 81.21% done 46775.16 cpu
..........60200 finished 50640 clusters 64965 passed 78/91 clstr/passed 81.33% done 46775.17 cpu
..........60300 finished 50718 clusters 65067 passed 78/102 clstr/passed 81.45% done 46775.17 cpu
..........60400 finished 50780 clusters 65136 passed 62/69 clstr/passed 81.54% done 46775.18 cpu
..........60500 finished 50859 clusters 65221 passed 79/85 clstr/passed 81.65% done 46775.18 cpu
..........60600 finished 50937 clusters 65311 passed 78/90 clstr/passed 81.76% done 46775.18 cpu
..........60700 finished 51014 clusters 65399 passed 77/88 clstr/passed 81.87% done 46832.78 cpu
..........60800 finished 51083 clusters 65479 passed 69/80 clstr/passed 81.97% done 46832.79 cpu
..........60900 finished 51154 clusters 65562 passed 71/83 clstr/passed 82.07% done 46832.79 cpu
..........61000 finished 51233 clusters 65651 passed 79/89 clstr/passed 82.18% done 46832.79 cpu
..........61100 finished 51314 clusters 65737 passed 81/86 clstr/passed 82.29% done 46832.79 cpu
..........61200 finished 51388 clusters 65821 passed 74/84 clstr/passed 82.4% done 46832.79 cpu
..........61300 finished 51465 clusters 65908 passed 77/87 clstr/passed 82.51% done 46832.79 cpu
..........61400 finished 51538 clusters 65992 passed 73/84 clstr/passed 82.61% done 46832.79 cpu
..........61500 finished 51612 clusters 66078 passed 74/86 clstr/passed 82.72% done 46832.79 cpu
..........61600 finished 51676 clusters 66155 passed 64/77 clstr/passed 82.82% done 46832.8 cpu
..........61700 finished 51752 clusters 66243 passed 76/88 clstr/passed 82.93% done 46832.8 cpu
..........61800 finished 51820 clusters 66322 passed 68/79 clstr/passed 83.02% done 46835.44 cpu
..........61900 finished 51891 clusters 66405 passed 71/83 clstr/passed 83.13% done 46835.44 cpu
..........62000 finished 51963 clusters 66490 passed 72/85 clstr/passed 83.23% done 46835.44 cpu
..........62100 finished 52042 clusters 66578 passed 79/88 clstr/passed 83.34% done 46835.44 cpu
..........62200 finished 52118 clusters 66665 passed 76/87 clstr/passed 83.45% done 46835.44 cpu
..........62300 finished 52198 clusters 66750 passed 80/85 clstr/passed 83.56% done 46835.45 cpu
..........62400 finished 52276 clusters 66839 passed 78/89 clstr/passed 83.67% done 46835.45 cpu
..........62500 finished 52341 clusters 66912 passed 65/73 clstr/passed 83.76% done 46835.45 cpu
..........62600 finished 52419 clusters 67005 passed 78/93 clstr/passed 83.88% done 46835.45 cpu
..........62700 finished 52500 clusters 67099 passed 81/94 clstr/passed 84% done 46835.45 cpu
..........62800 finished 52575 clusters 67183 passed 75/84 clstr/passed 84.1% done 46835.46 cpu
..........62900 finished 52651 clusters 67269 passed 76/86 clstr/passed 84.21% done 46835.46 cpu
..........63000 finished 52723 clusters 67352 passed 72/83 clstr/passed 84.31% done 46835.46 cpu
..........63100 finished 52795 clusters 67437 passed 72/85 clstr/passed 84.42% done 46835.46 cpu
..........63200 finished 52870 clusters 67533 passed 75/96 clstr/passed 84.54% done 46835.46 cpu
..........63300 finished 52936 clusters 67607 passed 66/74 clstr/passed 84.63% done 46879.69 cpu
..........63400 finished 53015 clusters 67699 passed 79/92 clstr/passed 84.75% done 46882.09 cpu
..........63500 finished 53090 clusters 67790 passed 75/91 clstr/passed 84.86% done 46882.1 cpu
..........63600 finished 53158 clusters 67864 passed 68/74 clstr/passed 84.95% done 46882.1 cpu
..........63700 finished 53224 clusters 67937 passed 66/73 clstr/passed 85.05% done 46882.1 cpu
..........63800 finished 53296 clusters 68019 passed 72/82 clstr/passed 85.15% done 46882.1 cpu
..........63900 finished 53373 clusters 68104 passed 77/85 clstr/passed 85.26% done 46884.43 cpu
..........64000 finished 53449 clusters 68195 passed 76/91 clstr/passed 85.37% done 46884.43 cpu
..........64100 finished 53510 clusters 68262 passed 61/67 clstr/passed 85.45% done 46884.43 cpu
..........64200 finished 53584 clusters 68345 passed 74/83 clstr/passed 85.56% done 46884.43 cpu
..........64300 finished 53654 clusters 68418 passed 70/73 clstr/passed 85.65% done 46884.43 cpu
..........64400 finished 53726 clusters 68498 passed 72/80 clstr/passed 85.75% done 46884.44 cpu
..........64500 finished 53790 clusters 68566 passed 64/68 clstr/passed 85.83% done 46884.44 cpu
..........64600 finished 53866 clusters 68659 passed 76/93 clstr/passed 85.95% done 46884.44 cpu
..........64700 finished 53941 clusters 68745 passed 75/86 clstr/passed 86.06% done 46884.45 cpu
..........64800 finished 54019 clusters 68835 passed 78/90 clstr/passed 86.17% done 46884.45 cpu
..........64900 finished 54095 clusters 68922 passed 76/87 clstr/passed 86.28% done 46884.45 cpu
..........65000 finished 54169 clusters 69009 passed 74/87 clstr/passed 86.39% done 46884.45 cpu
..........65100 finished 54240 clusters 69090 passed 71/81 clstr/passed 86.49% done 46884.45 cpu
..........65200 finished 54314 clusters 69169 passed 74/79 clstr/passed 86.59% done 46884.45 cpu
..........65300 finished 54387 clusters 69246 passed 73/77 clstr/passed 86.68% done 46884.45 cpu
..........65400 finished 54456 clusters 69329 passed 69/83 clstr/passed 86.79% done 46884.45 cpu
..........65500 finished 54530 clusters 69415 passed 74/86 clstr/passed 86.9% done 46886.55 cpu
..........65600 finished 54601 clusters 69495 passed 71/80 clstr/passed 87% done 46886.55 cpu
..........65700 finished 54671 clusters 69569 passed 70/74 clstr/passed 87.09% done 46886.55 cpu
..........65800 finished 54740 clusters 69648 passed 69/79 clstr/passed 87.19% done 46886.55 cpu
..........65900 finished 54811 clusters 69727 passed 71/79 clstr/passed 87.29% done 46918.11 cpu
..........66000 finished 54875 clusters 69797 passed 64/70 clstr/passed 87.37% done 46918.11 cpu
..........66100 finished 54942 clusters 69868 passed 67/71 clstr/passed 87.46% done 46918.11 cpu
..........66200 finished 55015 clusters 69950 passed 73/82 clstr/passed 87.57% done 46918.11 cpu
..........66300 finished 55090 clusters 70033 passed 75/83 clstr/passed 87.67% done 46918.12 cpu
..........66400 finished 55154 clusters 70100 passed 64/67 clstr/passed 87.75% done 46918.12 cpu
..........66500 finished 55224 clusters 70176 passed 70/76 clstr/passed 87.85% done 46918.13 cpu
..........66600 finished 55297 clusters 70252 passed 73/76 clstr/passed 87.94% done 46918.13 cpu
..........66700 finished 55370 clusters 70334 passed 73/82 clstr/passed 88.05% done 46918.13 cpu
..........66800 finished 55438 clusters 70414 passed 68/80 clstr/passed 88.15% done 46918.13 cpu
..........66900 finished 55512 clusters 70495 passed 74/81 clstr/passed 88.25% done 46920.01 cpu
..........67000 finished 55583 clusters 70574 passed 71/79 clstr/passed 88.35% done 46920.01 cpu
..........67100 finished 55647 clusters 70655 passed 64/81 clstr/passed 88.45% done 46920.02 cpu
..........67200 finished 55714 clusters 70734 passed 67/79 clstr/passed 88.55% done 46920.02 cpu
..........67300 finished 55787 clusters 70819 passed 73/85 clstr/passed 88.65% done 46920.02 cpu
..........67400 finished 55857 clusters 70895 passed 70/76 clstr/passed 88.75% done 46920.02 cpu
..........67500 finished 55921 clusters 70965 passed 64/70 clstr/passed 88.84% done 46920.02 cpu
..........67600 finished 55992 clusters 71049 passed 71/84 clstr/passed 88.94% done 46920.02 cpu
..........67700 finished 56060 clusters 71128 passed 68/79 clstr/passed 89.04% done 46920.02 cpu
..........67800 finished 56119 clusters 71193 passed 59/65 clstr/passed 89.12% done 46920.04 cpu
..........67900 finished 56189 clusters 71271 passed 70/78 clstr/passed 89.22% done 46920.04 cpu
..........68000 finished 56258 clusters 71346 passed 69/75 clstr/passed 89.31% done 46920.04 cpu
..........68100 finished 56321 clusters 71414 passed 63/68 clstr/passed 89.4% done 46920.04 cpu
..........68200 finished 56392 clusters 71495 passed 71/81 clstr/passed 89.5% done 46921.72 cpu
..........68300 finished 56459 clusters 71578 passed 67/83 clstr/passed 89.6% done 46921.73 cpu
..........68400 finished 56527 clusters 71648 passed 68/70 clstr/passed 89.69% done 46921.73 cpu
..........68500 finished 56594 clusters 71724 passed 67/76 clstr/passed 89.79% done 46921.73 cpu
..........68600 finished 56672 clusters 71808 passed 78/84 clstr/passed 89.89% done 46921.73 cpu
..........68700 finished 56739 clusters 71888 passed 67/80 clstr/passed 89.99% done 46946.24 cpu
..........68800 finished 56813 clusters 71973 passed 74/85 clstr/passed 90.1% done 46946.25 cpu
..........68900 finished 56881 clusters 72051 passed 68/78 clstr/passed 90.2% done 46946.25 cpu
..........69000 finished 56949 clusters 72120 passed 68/69 clstr/passed 90.28% done 46946.25 cpu
..........69100 finished 57017 clusters 72194 passed 68/74 clstr/passed 90.38% done 46946.25 cpu
..........69200 finished 57081 clusters 72267 passed 64/73 clstr/passed 90.47% done 46946.25 cpu
..........69300 finished 57148 clusters 72339 passed 67/72 clstr/passed 90.56% done 46946.25 cpu
..........69400 finished 57220 clusters 72418 passed 72/79 clstr/passed 90.66% done 46947.76 cpu
..........69500 finished 57288 clusters 72497 passed 68/79 clstr/passed 90.75% done 46947.76 cpu
..........69600 finished 57354 clusters 72571 passed 66/74 clstr/passed 90.85% done 46947.76 cpu
..........69700 finished 57421 clusters 72643 passed 67/72 clstr/passed 90.94% done 46947.77 cpu
..........69800 finished 57495 clusters 72726 passed 74/83 clstr/passed 91.04% done 46947.77 cpu
..........69900 finished 57562 clusters 72800 passed 67/74 clstr/passed 91.13% done 46947.77 cpu
..........70000 finished 57628 clusters 72870 passed 66/70 clstr/passed 91.22% done 46947.78 cpu
..........70100 finished 57696 clusters 72949 passed 68/79 clstr/passed 91.32% done 46947.78 cpu
..........70200 finished 57752 clusters 73013 passed 56/64 clstr/passed 91.4% done 46947.78 cpu
..........70300 finished 57825 clusters 73093 passed 73/80 clstr/passed 91.5% done 46947.78 cpu
..........70400 finished 57884 clusters 73154 passed 59/61 clstr/passed 91.58% done 46947.78 cpu
..........70500 finished 57960 clusters 73235 passed 76/81 clstr/passed 91.68% done 46949.12 cpu
..........70600 finished 58032 clusters 73311 passed 72/76 clstr/passed 91.77% done 46949.12 cpu
..........70700 finished 58102 clusters 73388 passed 70/77 clstr/passed 91.87% done 46949.13 cpu
..........70800 finished 58167 clusters 73464 passed 65/76 clstr/passed 91.97% done 46949.14 cpu
..........70900 finished 58242 clusters 73549 passed 75/85 clstr/passed 92.07% done 46949.14 cpu
..........71000 finished 58310 clusters 73620 passed 68/71 clstr/passed 92.16% done 46949.14 cpu
..........71100 finished 58376 clusters 73697 passed 66/77 clstr/passed 92.26% done 46949.14 cpu
..........71200 finished 58447 clusters 73777 passed 71/80 clstr/passed 92.36% done 46949.14 cpu
..........71300 finished 58511 clusters 73849 passed 64/72 clstr/passed 92.45% done 46949.14 cpu
..........71400 finished 58577 clusters 73921 passed 66/72 clstr/passed 92.54% done 46967.7 cpu
..........71500 finished 58650 clusters 74003 passed 73/82 clstr/passed 92.64% done 46968.93 cpu
..........71600 finished 58710 clusters 74070 passed 60/67 clstr/passed 92.72% done 46968.93 cpu
..........71700 finished 58777 clusters 74143 passed 67/73 clstr/passed 92.82% done 46968.93 cpu
..........71800 finished 58846 clusters 74221 passed 69/78 clstr/passed 92.91% done 46968.93 cpu
..........71900 finished 58909 clusters 74294 passed 63/73 clstr/passed 93% done 46970.11 cpu
..........72000 finished 58982 clusters 74371 passed 73/77 clstr/passed 93.1% done 46970.11 cpu
..........72100 finished 59050 clusters 74447 passed 68/76 clstr/passed 93.2% done 46970.12 cpu
..........72200 finished 59120 clusters 74523 passed 70/76 clstr/passed 93.29% done 46970.12 cpu
..........72300 finished 59195 clusters 74612 passed 75/89 clstr/passed 93.4% done 46970.12 cpu
..........72400 finished 59261 clusters 74680 passed 66/68 clstr/passed 93.49% done 46970.13 cpu
..........72500 finished 59326 clusters 74752 passed 65/72 clstr/passed 93.58% done 46970.13 cpu
..........72600 finished 59393 clusters 74823 passed 67/71 clstr/passed 93.67% done 46970.13 cpu
..........72700 finished 59463 clusters 74899 passed 70/76 clstr/passed 93.76% done 46970.13 cpu
..........72800 finished 59529 clusters 74972 passed 66/73 clstr/passed 93.85% done 46971.16 cpu
..........72900 finished 59601 clusters 75048 passed 72/76 clstr/passed 93.95% done 46971.16 cpu
..........73000 finished 59666 clusters 75115 passed 65/67 clstr/passed 94.03% done 46971.16 cpu
..........73100 finished 59729 clusters 75181 passed 63/66 clstr/passed 94.11% done 46971.16 cpu
..........73200 finished 59787 clusters 75245 passed 58/64 clstr/passed 94.19% done 46971.17 cpu
..........73300 finished 59858 clusters 75327 passed 71/82 clstr/passed 94.3% done 46971.17 cpu
..........73400 finished 59919 clusters 75397 passed 61/70 clstr/passed 94.39% done 46971.17 cpu
..........73500 finished 59982 clusters 75464 passed 63/67 clstr/passed 94.47% done 46971.17 cpu
..........73600 finished 60041 clusters 75523 passed 59/59 clstr/passed 94.54% done 46972.1 cpu
..........73700 finished 60115 clusters 75604 passed 74/81 clstr/passed 94.64% done 46972.1 cpu
..........73800 finished 60182 clusters 75674 passed 67/70 clstr/passed 94.73% done 46972.1 cpu
..........73900 finished 60249 clusters 75750 passed 67/76 clstr/passed 94.83% done 46972.1 cpu
..........74000 finished 60317 clusters 75825 passed 68/75 clstr/passed 94.92% done 46972.1 cpu
..........74100 finished 60390 clusters 75907 passed 73/82 clstr/passed 95.02% done 46972.11 cpu
..........74200 finished 60461 clusters 75987 passed 71/80 clstr/passed 95.12% done 46987.08 cpu
..........74300 finished 60521 clusters 76051 passed 60/64 clstr/passed 95.2% done 46987.94 cpu
..........74400 finished 60600 clusters 76138 passed 79/87 clstr/passed 95.31% done 46987.94 cpu
..........74500 finished 60674 clusters 76222 passed 74/84 clstr/passed 95.42% done 46987.95 cpu
..........74600 finished 60745 clusters 76299 passed 71/77 clstr/passed 95.51% done 46987.96 cpu
..........74700 finished 60808 clusters 76367 passed 63/68 clstr/passed 95.6% done 46987.96 cpu
..........74800 finished 60872 clusters 76433 passed 64/66 clstr/passed 95.68% done 46987.96 cpu
..........74900 finished 60949 clusters 76516 passed 77/83 clstr/passed 95.79% done 46988.69 cpu
..........75000 finished 61018 clusters 76592 passed 69/76 clstr/passed 95.88% done 46988.69 cpu
..........75100 finished 61091 clusters 76666 passed 73/74 clstr/passed 95.97% done 46988.69 cpu
..........75200 finished 61158 clusters 76738 passed 67/72 clstr/passed 96.06% done 46988.7 cpu
..........75300 finished 61224 clusters 76806 passed 66/68 clstr/passed 96.15% done 46988.7 cpu
..........75400 finished 61287 clusters 76871 passed 63/65 clstr/passed 96.23% done 46989.35 cpu
..........75500 finished 61354 clusters 76941 passed 67/70 clstr/passed 96.32% done 46989.35 cpu
..........75600 finished 61422 clusters 77017 passed 68/76 clstr/passed 96.41% done 46989.36 cpu
..........75700 finished 61488 clusters 77086 passed 66/69 clstr/passed 96.5% done 46989.36 cpu
..........75800 finished 61548 clusters 77147 passed 60/61 clstr/passed 96.58% done 46989.36 cpu
..........75900 finished 61613 clusters 77216 passed 65/69 clstr/passed 96.66% done 46989.98 cpu
..........76000 finished 61683 clusters 77289 passed 70/73 clstr/passed 96.75% done 46989.98 cpu
..........76100 finished 61751 clusters 77360 passed 68/71 clstr/passed 96.84% done 46989.99 cpu
..........76200 finished 61816 clusters 77428 passed 65/68 clstr/passed 96.93% done 46989.99 cpu
..........76300 finished 61876 clusters 77490 passed 60/62 clstr/passed 97.01% done 46989.99 cpu
..........76400 finished 61946 clusters 77565 passed 70/75 clstr/passed 97.1% done 46990.52 cpu
..........76500 finished 62006 clusters 77633 passed 60/68 clstr/passed 97.18% done 46990.52 cpu
..........76600 finished 62072 clusters 77704 passed 66/71 clstr/passed 97.27% done 46990.52 cpu
..........76700 finished 62138 clusters 77778 passed 66/74 clstr/passed 97.37% done 46990.52 cpu
..........76800 finished 62203 clusters 77845 passed 65/67 clstr/passed 97.45% done 46991 cpu
..........76900 finished 62269 clusters 77914 passed 66/69 clstr/passed 97.54% done 46991 cpu
..........77000 finished 62330 clusters 77978 passed 61/64 clstr/passed 97.62% done 47000.54 cpu
..........77100 finished 62393 clusters 78052 passed 63/74 clstr/passed 97.71% done 47000.54 cpu
..........77200 finished 62461 clusters 78125 passed 68/73 clstr/passed 97.8% done 47000.96 cpu
..........77300 finished 62532 clusters 78198 passed 71/73 clstr/passed 97.89% done 47000.97 cpu
..........77400 finished 62590 clusters 78265 passed 58/67 clstr/passed 97.98% done 47000.97 cpu
..........77500 finished 62653 clusters 78329 passed 63/64 clstr/passed 98.06% done 47001.34 cpu
..........77600 finished 62723 clusters 78402 passed 70/73 clstr/passed 98.15% done 47001.34 cpu
..........77700 finished 62793 clusters 78474 passed 70/72 clstr/passed 98.24% done 47001.34 cpu
..........77800 finished 62862 clusters 78546 passed 69/72 clstr/passed 98.33% done 47001.7 cpu
..........77900 finished 62921 clusters 78606 passed 59/60 clstr/passed 98.4% done 47001.7 cpu
..........78000 finished 62987 clusters 78679 passed 66/73 clstr/passed 98.49% done 47002 cpu
..........78100 finished 63051 clusters 78747 passed 64/68 clstr/passed 98.58% done 47002 cpu
..........78200 finished 63113 clusters 78810 passed 62/63 clstr/passed 98.66% done 47002.01 cpu
..........78300 finished 63168 clusters 78867 passed 55/57 clstr/passed 98.73% done 47002.27 cpu
..........78400 finished 63234 clusters 78934 passed 66/67 clstr/passed 98.81% done 47002.27 cpu
..........78500 finished 63297 clusters 79000 passed 63/66 clstr/passed 98.9% done 47002.51 cpu
..........78600 finished 63362 clusters 79068 passed 65/68 clstr/passed 98.98% done 47002.52 cpu
..........78700 finished 63423 clusters 79130 passed 61/62 clstr/passed 99.06% done 47002.74 cpu
..........78800 finished 63479 clusters 79187 passed 56/57 clstr/passed 99.13% done 47002.92 cpu
..........78900 finished 63539 clusters 79249 passed 60/62 clstr/passed 99.21% done 47002.92 cpu
..........79000 finished 63596 clusters 79306 passed 57/57 clstr/passed 99.28% done 47003.11 cpu
..........79100 finished 63655 clusters 79367 passed 59/61 clstr/passed 99.36% done 47003.25 cpu
..........79200 finished 63718 clusters 79433 passed 63/66 clstr/passed 99.44% done 47003.39 cpu
..........79300 finished 63782 clusters 79502 passed 64/69 clstr/passed 99.52% done 47003.52 cpu
..........79400 finished 63852 clusters 79572 passed 70/70 clstr/passed 99.61% done 47003.78 cpu
..........79500 finished 63911 clusters 79632 passed 59/60 clstr/passed 99.69% done 47003.9 cpu
..........79600 finished 63969 clusters 79691 passed 58/59 clstr/passed 99.76% done 47004.2 cpu
..........79700 finished 64033 clusters 79755 passed 64/64 clstr/passed 99.84% done 47004.45 cpu
..........79800 finished 64098 clusters 79821 passed 65/66 clstr/passed 99.92% done 47004.8 cpu
.......79878 finished 64155 clusters 79878 passed 57/57 clstr/passed 100% done 47005.97 cpu
Completed Sat Apr 29 20:08:40 CEST 2023

Total CPUs on remote hosts: 0
